Using pre-set license
Built from '2021.1/release' branch; Version is '2021.1.0f1 (61a549675243) revision 6399305'; Using compiler version '192528614'; Build Type 'Release'
OS: 'Windows 10 Home; OS build 19042.928; Version 2009; 64bit' Language: 'en' Physical Memory: 16332 MB
BatchMode: 1, IsHumanControllingUs: 0, StartBugReporterOnCrash: 0, Is64bit: 1, IsPro: 0

 COMMAND LINE ARGUMENTS:
C:\Program Files\Unity\Hub\Editor\2021.1.0f1\Editor\Unity.exe
-adb2
-batchMode
-noUpm
-name
AssetImportWorker1
-projectPath
E:/Matt'sStorage/UnityProjects/RogueTowers/RogueTowers
-logFile
Logs/AssetImportWorker1.log
-srvPort
56463
Successfully changed project path to: E:/Matt'sStorage/UnityProjects/RogueTowers/RogueTowers
E:/Matt'sStorage/UnityProjects/RogueTowers/RogueTowers
Using Asset Import Pipeline V2.
Refreshing native plugins compatible for Editor in 166.73 ms, found 2 plugins.
Preloading 0 native plugins for Editor in 0.00 ms.
Initialize engine version: 2021.1.0f1 (61a549675243)
[Subsystems] Discovering subsystems at path C:/Program Files/Unity/Hub/Editor/2021.1.0f1/Editor/Data/Resources/UnitySubsystems
[Subsystems] Discovering subsystems at path E:/Matt'sStorage/UnityProjects/RogueTowers/RogueTowers/Assets
GfxDevice: creating device client; threaded=0; jobified=0
Direct3D:
    Version:  Direct3D 11.0 [level 11.1]
    Renderer: NVIDIA GeForce GTX 1050 Ti (ID=0x1c82)
    Vendor:   NVIDIA
    VRAM:     4018 MB
    Driver:   27.21.14.6089
Initialize mono
Mono path[0] = 'C:/Program Files/Unity/Hub/Editor/2021.1.0f1/Editor/Data/Managed'
Mono path[1] = 'C:/Program Files/Unity/Hub/Editor/2021.1.0f1/Editor/Data/MonoBleedingEdge/lib/mono/unityjit'
Mono config path = 'C:/Program Files/Unity/Hub/Editor/2021.1.0f1/Editor/Data/MonoBleedingEdge/etc'
Using monoOptions --debugger-agent=transport=dt_socket,embedding=1,server=y,suspend=n,address=127.0.0.1:56888
Begin MonoManager ReloadAssembly
Registering precompiled unity dll's ...
Register platform support module: C:/Program Files/Unity/Hub/Editor/2021.1.0f1/Editor/Data/PlaybackEngines/WindowsStandaloneSupport/UnityEditor.WindowsStandalone.Extensions.dll
Registered in 0.004865 seconds.
Native extension for WindowsStandalone target not found
Refreshing native plugins compatible for Editor in 173.49 ms, found 2 plugins.
Preloading 0 native plugins for Editor in 0.00 ms.
Mono: successfully reloaded assembly
- Completed reload, in  2.543 seconds
Platform modules already initialized, skipping
Registering precompiled user dll's ...
Registered in 0.004043 seconds.
Begin MonoManager ReloadAssembly
Native extension for WindowsStandalone target not found
Refreshing native plugins compatible for Editor in 170.21 ms, found 2 plugins.
Preloading 0 native plugins for Editor in 0.00 ms.
Mono: successfully reloaded assembly
- Completed reload, in  3.493 seconds
Platform modules already initialized, skipping
========================================================================
Worker process is ready to serve import requests
Launched and connected shader compiler UnityShaderCompiler.exe after 0.06 seconds
Refreshing native plugins compatible for Editor in 1.10 ms, found 2 plugins.
Preloading 0 native plugins for Editor in 0.00 ms.
Unloading 3365 Unused Serialized files (Serialized files now loaded: 0)
System memory in use before: 127.4 MB.
System memory in use after: 127.5 MB.

Unloading 29 unused Assets to reduce memory usage. Loaded Objects now: 3816.
Total: 3.677400 ms (FindLiveObjects: 0.486400 ms CreateObjectMapping: 0.182100 ms MarkObjects: 2.834400 ms  DeleteObjects: 0.173000 ms)

========================================================================
Received Import Request.
  path: Assets/Custom/Prefab
  artifactKey: Guid(554cc00e30d55d0468d0fb705e8f6711) Importer(815301076,1909f56bfc062723c751e8b465ee728b)
Start importing Assets/Custom/Prefab using Guid(554cc00e30d55d0468d0fb705e8f6711) Importer(815301076,1909f56bfc062723c751e8b465ee728b)  -> (artifact id: '442b5349f83fd6ee5008bb712ced82d7') in 0.010614 seconds 
========================================================================
Received Import Request.
  Time since last request: 47.164836 seconds.
  path: Assets/Custom/Scripts
  artifactKey: Guid(289691540d9617044be7ce9af5365539) Importer(815301076,1909f56bfc062723c751e8b465ee728b)
Start importing Assets/Custom/Scripts using Guid(289691540d9617044be7ce9af5365539) Importer(815301076,1909f56bfc062723c751e8b465ee728b)  -> (artifact id: '46b5c97c4b9074dd92d5350093c4c953') in 0.002328 seconds 
========================================================================
Received Import Request.
  Time since last request: 1.504377 seconds.
  path: Assets/UIStyleSheet.uss
  artifactKey: Guid(5709a62835fb78748adde0b932f56834) Importer(815301076,1909f56bfc062723c751e8b465ee728b)
Start importing Assets/UIStyleSheet.uss using Guid(5709a62835fb78748adde0b932f56834) Importer(815301076,1909f56bfc062723c751e8b465ee728b)  -> (artifact id: 'd82744bffdc49ce9423b559e364812d5') in 0.768894 seconds 
AssetImportWorkerClient::OnTransportError - code=2 error=End of file
